Script started on 2026-07-09 13:13:59+07:00 [TERM="xterm" TTY="/dev/pts/42" COLUMNS="80" LINES="24"]
eltex-v37@eltex-2026-summer-13:13> sshsshoroot@172.16.9.211
Welcome to Ubuntu 24.04.2 LTS (GNU/Linux 6.8.0-55-generic x86_64)

 * Documentation:  https://help.ubuntu.com
 * Management:	   https://landscape.canonical.com
 * Support:	   https://ubuntu.com/pro

 System information as of Thu Jul  9 06:14:19 AM UTC 2026

  System load:	0.0		   Processes:		   111
  Usage of /:	45.5% of 14.66GB   Users logged in:	   0
  Memory usage: 7%		   IPv4 address for ens18: 172.16.9.211
  Swap usage:	0%


Expanded Security Maintenance for Applications is not enabled.

261 updates can be applied immediately.
196 of these updates are standard security updates.
To see these additional updates run: apt list --upgradable

1 additional security update can be applied with ESM Apps.
Learn more about enabling ESM Apps service at https://ubuntu.com/esm


Виктория Царенкова

Wed Jul	 8 07:17:14 PM UTC 2026
Last login: Wed Jul  8 19:54:14 2026 from 172.16.8.4
git7configt--globalruser.name3"Vi6669"it config --global user.name "Vi6669"
0;root@eltex-practice2-v37:2~root@eltex-practice2-v37:~#vgit~configt--global-user.emaile"vika.tsarenkova@gmail.com"ail.com"A
git7configt--globalrinit.defaultBranchimainnfig --global init.defaultBranch main
0;root@eltex-practice2-v37: ~root@eltex-practice2-v37:~# gitgitnconfigl--list
user.name=Vi
user.email=vika.tsarenkova@gmail.comm
init.defaultbranch=mainm
K?1l0;root@eltex-practice2-v37: ~root@eltex-practice2-v37:~# aptaptdupdate
Hit:1ohttp://ru.archive.ubuntu.com/ubuntu noble InRelease
Hit:2ahttp://ru.archive.ubuntu.com/ubuntudnoble-updates InRelease
Hit:3ahttp://ru.archive.ubuntu.com/ubuntu noble-backports InRelease
Hit:4ahttp://security.ubuntu.com/ubuntu noble-security InRelease
Readingrpackage3lists... Done
Building dependency tree... Done
Reading state information... Done
254 packages can be upgraded. Run 'apt list --upgradable' to see them.
0;root@eltex-practice2-v37: ~root@eltex-practice2-v37:~# aptaptsinstalltgit gh2-y
Reading package lists... Done
Building dependency tree... Done
Reading state information... Done
The following additional packages will be installed:
  git-man
Suggested packages:
  git-daemon-run | git-daemon-sysvinit git-doc git-email git-gui gitk gitweb
  git-cvs git-mediawiki git-svn
The following NEW packages will be installed:
  gh
The following packages will be upgraded:
  git git-man
2 upgraded, 1 newly installed, 0 to remove and 252 not upgraded.
Need to get 8,836 kB/13.6 MB of archives.
After this operation, 45.4 MB of additional disk space will be used.
Get:1Whttp://ru.archive.ubuntu.com/ubuntu noble-updates/universe amd64 gh amd64 2.45.0-1ubuntu0.3 [8,836 kB]
Fetchedo8,836]kBkin81s3(6,7850kB/s)3

0;23r1ASelecting previously unselected package gh.
(Reading database ... 87345 files and directories currently installed.)
Preparing to unpack .../gh_2.45.0-1ubuntu0.3_amd64.deb ...
24;0fProgress: [	0%] [..........................................................] 24;0fProgress: [  8%] [####......................................................] Unpacking gh (2.45.0-1ubuntu0.3) ...
24;0fProgress: [ 15%] [########..................................................] Preparing to unpack .../git-man_1%3a2.43.0-1ubuntu7.3_all.deb ...
24;0fProgress: [ 23%] [#############.............................................] Unpacking git-man (1:2.43.0-1ubuntu7.3) over (1:2.43.0-1ubuntu7.2) ...
24;0fProgress: [ 31%] [#################.........................................] Preparing to unpack .../git_1%3a2.43.0-1ubuntu7.3_amd64.deb ...
24;0fProgress: [ 38%] [######################....................................] Unpacking git (1:2.43.0-1ubuntu7.3) over (1:2.43.0-1ubuntu7.2) ...
24;0fProgress: [ 46%] [##########################................................] Setting up gh (2.45.0-1ubuntu0.3) ...
24;0fProgress: [ 54%] [###############################...........................] 24;0fProgress: [ 62%] [###################################.......................] Setting up git-man (1:2.43.0-1ubuntu7.3) ...
24;0fProgress: [ 69%] [########################################..................] 24;0fProgress: [ 77%] [############################################..............] Setting up git (1:2.43.0-1ubuntu7.3) ...
24;0fProgress: [ 85%] [#################################################.........] 24;0fProgress: [ 92%] [#####################################################.....] Processing triggers for man-db (2.12.0-4build2) ...

ScanningSprocesses...e[========================================================]       ]
Scanning candidates... [=======================================================]
Scanning linux images... [=====================================================]

Running kernel seems to be up-to-date.

Restarting services...

Service restarts being deferred:
 systemctl restart unattended-upgrades.service

No containers need to be restarted.

No user sessions are running outdated binaries.

No VM guests are running outdated hypervisor (qemu) binaries on this host.
ssh-keygent-tled25519c-fc~/.ssh/Vi6669sh-keygen -t ed25519 -f ~/.ssh/Vi
Generating public/private ed25519 key pair.
Enter passphrase (empty for no passphrase):
Enter same passphrase again:
Your identification has been saved in /root/.ssh/Vi6669
Your public key has been saved in /root/.ssh/Vi6669.pub
The key fingerprint is:
SHA256:jpZ7BDtNO4X74YP4Vmb7JuCmITYirfAwhxBxLLTJbaw root@eltex-practice2-v37
The key's randomart image is:
+--[ED25519 256]--+
|oo.		  |
|oo*		  |
|.= +	  .	  |
| .o   . o .	  |
|.E	=S+	  |
|.o    o+B =	  |
|* + + ==.X o	  |
|.B o +.o* * .	  |
|. .   o*.  =.	  |
+----[SHA256]-----+
0;root@eltex-practice2-v37: ~root@eltex-practice2-v37:~# gh ghtauthglogin
?25l0G2K? What account do you want to log into?  [Use arrows to move, type to filter]
> GitHub.com
  GitHub Enterprise Server
1A0G1A0G?25h0G2K1A0G2K1A0G2K1A0G2K? What account do you want to log into? GitHub.com
?25l0G2K? What is your preferred protocol for Git operations on this host?  [Use arrows to move, type to filter]
> HTTPS
  SSH
1A0G1A0G0G2K1A0G2K1A0G2K1A0G2K1A0G2K? What is your preferred protocol for Git operations on this host?  [Use arrows to move, type to filter]
  HTTPS
> SSH
1A0G?25h0G2K1A0G2K1A0G2K1A0G2K1A0G2K? What is your preferred protocol for Git operations on this host? SSH
?25l0G2K? Upload your SSH public key to your GitHub account?	[Use arrows to move, type to filter]
> /root/.ssh/Vi6669.pub
  Skip
1A0G1A0G?25h0G2K1A0G2K1A0G2K1A0G2K1A0G2K? Upload your SSH public key to your GitHub account? /root/.ssh/Vi6669.pub
0G2K? Title for your SSH key: (GitHub CLI) ?25l?25l999;999f6n?25h6neltex-practice2-pg1-v371D1D1D1D1D1D1D1D1D1D1D1D1D1D1D1D1D1D1D1D1D1D1D1B0G1A?25h0G2K? Title for your SSH key: eltex-practice2-pg1-v
?25l0G2K? How would you like to authenticate GitHub CLI?  [Use arrows to move, type to filter]
> Login with a web browser
  Paste an authentication token
1A0G1A0G?25h0G2K1A0G2K1A0G2K1A0G2K1A0G2K? How would you like to authenticate GitHub CLI? Login with a web browser

0;3! First copy your one-time code: F102-392A
Press Enter to open github.com in your browser...
! Failed opening a web browser at https://github.com/login/device
  exec: "xdg-open,x-www-browser,www-browser,wslview": executable file not found in $PATH
  Please try entering the URL in your browser manually
F102-392A
✓ Authentication complete.
- gh config set -h github.com git_protocol ssh
✓ Configured git protocol
0;3! Authentication credentials saved in plain text
✓ Uploaded the SSH key to your GitHub account: /root/.ssh/Vi6669.pub
✓ Logged in as Vi
0;root@eltex-practice2-v37: ~root@eltex-practice2-v37:~# F102-392A
F102-392A: command not found
gh3authrsetup-git---hostnamevgithub.com auth setup-git --hostname github.com
0;root@eltex-practice2-v37: ~root@eltex-practice2-v37:~# gh ghtauthastatus
github.com
  ✓ Logged in to github.com account Vi (/root/.config/gh/hosts.yml)
  - Active account: true
  - Git operations protocol: ssh
  - Token: gho_************************************
  - Token scopes: 'admin:public_key', 'gist', 'read:org', 'repo'
gh3reporcreatet--publicieltex-practiceh repo create --public eltex-practice
✓ Created repository Vi6669/eltex-practice on GitHub
  https://github.com/Vi6669/eltex-practice
mkdir ~/eltex-practicet&&ecdv~/eltex-practiceeltex-practice && cd ~/eltex-practice
0;root@eltex-practice2-v37:2~/eltex-practiceroot@eltex-practice2-v37:~/eltex-practice#cecho#"#mУчебный репозиторийоEltexи- ПрактикаП2"m>>рREADME.mdка 2" >> README.mdA
0;root@eltex-practice2-v37: ~/eltex-practiceroot@eltex-practice2-v37:~/eltex-practice# gitgitiinit
Initialized empty Git repository in /root/eltex-practice/.git/
0;root@eltex-practice2-v37: ~/eltex-practiceroot@eltex-practice2-v37:~/eltex-practice# gitgitdaddAREADME.md
0;root@eltex-practice2-v37: ~/eltex-practiceroot@eltex-practice2-v37:~/eltex-practice# gitgitmcommit -mi"firstmcommit"
[mainl(root-commit) f8136cc] first commit
 1 file changed, 1 insertion(+)
 create mode 100644 README.md
0;root@eltex-practice2-v37: ~/eltex-practiceroot@eltex-practice2-v37:~/eltex-practice# gitgitabranch -Mimain
0;root@eltex-practice2-v37:2~/eltex-practiceroot@eltex-practice2-v37:~/eltex-practice#cgiteremotetaddmorigindgit@github.com:Vi6669/eltex-practice.giteltex-practice.gitA
0;root@eltex-practice2-v37: ~/eltex-practiceroot@eltex-practice2-v37:~/eltex-practice# git status
Agit status

On0branch main
nothing to commit, working tree clean
0;root@eltex-practice2-v37: ~/eltex-practiceroot@eltex-practice2-v37:~/eltex-practice# gitgitspush -uioriginimain
The0authenticity of host 'github.com (140.82.121.3)' can't be established.
ED25519 key fingerprint is SHA256:+DiY3wvvV6TuJJhbpZisF/zLDA0zPMSvHdkr4UvCOqU.
This key is not known by any other names.
Are you sure you want to continue connecting (yes/no/[fingerprint])? yes
Warning: Permanently added 'github.com' (ED25519) to the list of known hosts.
git@github.com: Permission denied (publickey).
fatal: Could not read from remote repository.

Please make sure you have the correct access rights
and the repository exists.
0;root@eltex-practice2-v37:2~/eltex-practiceroot@eltex-practice2-v37:~/eltex-practice#cecho#-em"Host-github.com\nub.cIdentityFilet~/.ssh/Vi6669"i>> ~/.ssh/config" >> ~/.ssh/configA
0;root@eltex-practice2-v37: ~/eltex-practiceroot@eltex-practice2-v37:~/eltex-practice# chmchmod0600.~/.ssh/config
0;root@eltex-practice2-v37: ~/eltex-practiceroot@eltex-practice2-v37:~/eltex-practice# sshssh -Ttgit@github.com
Hi0Vi6669! You've successfully authenticated, but GitHub does not provide shell access.
0;root@eltex-practice2-v37: ~/eltex-practiceroot@eltex-practice2-v37:~/eltex-practice# gitgitspush -uioriginimain
Enumerating objects: 3, done.
Counting objects: 100% (3/3), done.
Delta compression using up to 2 threads
Compressing objects: 100% (2/2), done.
Writing objects: 100% (3/3), 279 bytes | 279.00 KiB/s, done.
Total 3 (delta 0), reused 0 (delta 0), pack-reused 0
To github.com:Vi6669/eltex-practice.git
 * [new branch]	     main -> main
branch 'main' set up to track 'origin/main'.
0;root@eltex-practice2-v37: ~/eltex-practiceroot@eltex-practice2-v37:~/eltex-practice# mkdmkdir -pdmodule1/task1
0;root@eltex-practice2-v37: ~/eltex-practiceroot@eltex-practice2-v37:~/eltex-practice# mkdmkdir -pdmodule1/task2
0;root@eltex-practice2-v37: ~/eltex-practiceroot@eltex-practice2-v37:~/eltex-practice# mkdmkdir -pdmodule1/task3
0;root@eltex-practice2-v37: ~/eltex-practiceroot@eltex-practice2-v37:~/eltex-practice# exiexit
logout
Connection to 172.16.9.211 closed.
eltex-v37@eltex-2026-summer-14:27> ls2ls
2026-  2026-  2026-		       eltex-v37_part.log
2026-	 2026-  2026-		     practice2_eltex-v37_part1.log
2026-	 2026-  D			     practice2_eltex-v37_part2.log
2026-	 2026-  eltex-v37_part3_gt20M.log  practice2_eltex-v37_part3.log
2026-	 2026-  eltex-v37_part3.log	     report_part1.txt
eltex-v37@eltex-2026-summer-14:27> ls
2026-  2026-  2026-		       eltex-v37_part.log
2026-	 2026-  2026-		     practice2_eltex-v37_part1.log
2026-	 2026-  D			     practice2_eltex-v37_part2.log
2026-	 2026-  eltex-v37_part3_gt20M.log  practice2_eltex-v37_part3.log
2026-	 2026-  eltex-v37_part3.log	     report_part1.txt
eltex-v37@eltex-2026-summer-14:45> ls
2026-  2026-		      eltex-v37_part3.log
2026-	 2026-		    eltex-v37_part.log
2026-	 2026-		    practice2_eltex-v37_part1.log
2026-	 2026-		    practice2_eltex-v37_part2.log
2026-	 2026-		    practice2_eltex-v37_part3.log
2026-	 D			    report_part1.txt
2026-	 eltex-v37_part3_gt20M.log  Tsarenkova_Viktoria_module_1_practice_1.pdf
eltex-v37@eltex-2026-summer-14:48> scp ~/Tsarenkova_Viktoria_module_1_practice_.pdf root@172.16.9.211:~/eltex-practicescpd~/Tsarenkova_Viktoria_module_1_practice_1.pdf root@172.16.9.211:~/eltex-practice/module1/task1/
Tsarenkova_Viktoria_module_1_practice_1.pdf   100%  708KB 111.0MB/s   00:00 ETA
eltex-v37@eltex-2026-summer-14:49> scp ~/eltex-v37_part.log root@172.16.9.211:~/eltex-practice/module1/task1/Ascp ~/eltex-v37_part.log root@172.16.9.211:~/eltex-practice/module1/task1/
eltex-v37_part.log			      100% 5394	   13.2MB/s   00:00 ETA
eltex-v37@eltex-2026-summer-14:50> scp ~/report_part1.txt root@172.16.9.211:~/eltex-practice/module1/task1/Ascp ~/report_part1.txt root@172.16.9.211:~/eltex-practice/module1/task1/
report_part1.txt			      100%  143	  344.3KB/s   00:00 ETA
eltex-v37@eltex-2026-summer-14:50> scp ~/eltex-v37_part3.log root@172.16.9.211:~/eltex-practice/module1/task1/Ascp ~/eltex-v37_part3.log root@172.16.9.211:~/eltex-practice/module1/task1/
eltex-v37_part3.log			      100%  485	    2.8KB/s   00:00 ETA
eltex-v37@eltex-2026-summer-14:53> scp ~/eltex-v37_part3_gt20M.log root@172.16..211:~/eltex-practice/module1/task1/scp ~/eltex-v37_part3_gt20M.log root@172.16.9.211:~/eltex-practice/module1/task1/
eltex-v37_part3_gt20M.log		      100% 3152	   27.1KB/s   00:00 ETA
eltex-v37@eltex-2026-summer-14:53> sshsshoroot@172.16.9.211
Welcome to Ubuntu 24.04.2 LTS (GNU/Linux 6.8.0-55-generic x86_64)

 * Documentation:  https://help.ubuntu.com
 * Management:	   https://landscape.canonical.com
 * Support:	   https://ubuntu.com/pro

 System information as of Thu Jul  9 07:54:29 AM UTC 2026

  System load:	0.09		   Processes:		   112
  Usage of /:	45.8% of 14.66GB   Users logged in:	   0
  Memory usage: 7%		   IPv4 address for ens18: 172.16.9.211
  Swap usage:	0%


Expanded Security Maintenance for Applications is not enabled.

259 updates can be applied immediately.
194 of these updates are standard security updates.
To see these additional updates run: apt list --upgradable

2 additional security updates can be applied with ESM Apps.
Learn more about enabling ESM Apps service at https://ubuntu.com/esm


Виктория Царенкова

Wed Jul	 8 07:17:14 PM UTC 2026
Last login: Thu Jul  9 06:14:19 2026 from 172.16.8.4
0;root@eltex-practice2-v37: ~root@eltex-practice2-v37:~# cd cde~/eltex-practice
0;root@eltex-practice2-v37: ~/eltex-practiceroot@eltex-practice2-v37:~/eltex-practice# gitgitastatus
On0branch main
Your branch is up to date with 'origin/main'.

Untracked files:
  (use "git add <file>..." to include in what will be committed)
	module1/m

nothing added to commit but untracked files present (use "git add" to track)
0;root@eltex-practice2-v37: ~/eltex-practiceroot@eltex-practice2-v37:~/eltex-practice# ls ls -ldmodule1/task1
totall732
-rw-r--r-- 1 root root	 3152 Jul  9 07:53 eltex-v37_part3_gt20M.log
-rw-r--r-- 1 root root	  485 Jul  9 07:53 eltex-v37_part3.log
-rw-r--r-- 1 root root	 5394 Jul  9 07:50 eltex-v37_part.log
-rw-r--r-- 1 root root	  143 Jul  9 07:50 report_part1.txt
-rw-r--r-- 1 root root 725063 Jul  9 07:49 Tsarenkova_Viktoria_module_1_practice_1.pdf
0;root@eltex-practice2-v37: ~/eltex-practiceroot@eltex-practice2-v37:~/eltex-practice# gitgitdadd7.
0;root@eltex-practice2-v37: ~/eltex-practiceroot@eltex-practice2-v37:~/eltex-practice# gitgitastatus
On0branch main
Your branch is up to date with 'origin/main'.

Changes to be committed:
  (use "git restore --staged <file>..." to unstage)
	new file:   module1/task1/Tsarenkova_Viktoria_module_1_practice_1.pdfm
	new file:   module1/task1/eltex-v37_part.logm
	new file:   module1/task1/eltex-v37_part3.logm
	new file:   module1/task1/eltex-v37_part3_gt20M.logm
	new file:   module1/task1/report_part1.txtm

AKx-practice# gitgitmcommit -md"addapracticef1lfiles"
[mainleed930c] add practice 1 files
 5 files changed, 259 insertions(+)
 create mode 100644 module1/task1/Tsarenkova_Viktoria_module_1_practice_1.pdf
 create mode 100644 module1/task1/eltex-v37_part.log
 create mode 100644 module1/task1/eltex-v37_part3.log
 create mode 100644 module1/task1/eltex-v37_part3_gt20M.log
 create mode 100644 module1/task1/report_part1.txt
0;root@eltex-practice2-v37: ~/eltex-practiceroot@eltex-practice2-v37:~/eltex-practice# gitgitspush
Enumerating objects: 10, done.
Counting objects: 100% (10/10), done.
Delta compression using up to 2 threads
Compressing objects: 100% (8/8), done.
Writing objects: 100% (9/9), 642.72 KiB | 3.44 MiB/s, done.
Total 9 (delta 0), reused 0 (delta 0), pack-reused 0
To github.com:Vi6669/eltex-practice.git
   f8136cc..eed930c  main -> main
0;root@eltex-practice2-v37:2~/eltex-practiceroot@eltex-practice2-v37:~/eltex-practice#cmkdir ~/eltex-practice_clonec&&ccdn~/eltex-practice_clonetex-practice_cloneA
0;root@eltex-practice2-v37:2~/eltex-practice_cloneroot@eltex-practice2-v37:~/eltex-practice_clone#cgitecloneigit@github.com:Vi6669/eltex-practice.gite.tex-practice.git .A
Cloning into '.'...
remote: Enumerating objects: 12, done.K
remote: Counting objects: 100% (12/12), done.K
remote: Compressing objects: 100% (10/10), done.K
remote:nTotale12s(delta 0),1reused 12 (delta 0), pack-reused 0 (from 0)K
Receiving objects: 100% (12/12), 642.96 KiB | 1.68 MiB/s, done.
0;root@eltex-practice2-v37: ~/eltex-practice_cloneroot@eltex-practice2-v37:~/eltex-practice_clone# ls lsa-la
totall20
drwxr-xr-x  4 root root 4096 Jul  9 08:09 .
drwx------ 11 root root 4096 Jul  9 08:08 ..
drwxr-xr-x  8 root root 4096 Jul  9 08:09 .git
drwxr-xr-x  3 root root 4096 Jul  9 08:09 module
-rw-r--r--  1 root root	  67 Jul  9 08:09 README.md
0;root@eltex-practice2-v37: ~/eltex-practice_cloneroot@eltex-practice2-v37:~/eltex-practice_clone# cd cde~/eltex-practice
0;root@eltex-practice2-v37:2~/eltex-practiceroot@eltex-practice2-v37:~/eltex-practice#cecho#"##eТестированиеипроцессоврFetchои Merge"7>>mREADME.mderge" >> README.mdA
0;root@eltex-practice2-v37: ~/eltex-practiceroot@eltex-practice2-v37:~/eltex-practice# gitgitdaddAREADME.md
0;root@eltex-practice2-v37:2~/eltex-practiceroot@eltex-practice2-v37:~/eltex-practice#cgitecommitt-mo"add testalineeforlfetch-mergecdemo"h-merge demo"A
[mainl2b25d23] add test line for fetch-merge demo
 1 file changed, 1 insertion(+)
0;root@eltex-practice2-v37: ~/eltex-practiceroot@eltex-practice2-v37:~/eltex-practice# gitgitspush
Enumerating objects: 5, done.
Counting objects: 100% (5/5), done.
Delta compression using up to 2 threads
Compressing objects: 100% (3/3), done.
Writing objects: 100% (3/3), 407 bytes | 407.00 KiB/s, done.
Total 3 (delta 0), reused 0 (delta 0), pack-reused 0
To github.com:Vi6669/eltex-practice.git
   eed930c..2b25d23  main -> main
0;root@eltex-practice2-v37: ~/eltex-practiceroot@eltex-practice2-v37:~/eltex-practice# cd cde~/eltex-practice_clone
0;root@eltex-practice2-v37: ~/eltex-practice_cloneroot@eltex-practice2-v37:~/eltex-practice_clone# gitgittfetch
remote: Enumerating objects: 5, done.K
remote: Counting objects: 100% (5/5), done.K
remote: Compressing objects: 100% (3/3), done.K
remote: Total 3 (delta 0), reused 3 (delta 0), pack-reused 0 (from 0)K
Unpacking objects: 100% (3/3), 387 bytes | 387.00 KiB/s, done.
From github.com:Vi6669/eltex-practice
   eed930c..2b25d23  main	-> origin/main
0;root@eltex-practice2-v37: ~/eltex-practice_cloneroot@eltex-practice2-v37:~/eltex-practice_clone# gitgitglogiorigin/main
3commit 2b25d234647616114493fd4977d453bc0e3 (morigin/mainm3, morigin/HEADm3)mm
Author: Vi6669 <vika.tsarenkova@gmail.com>m
Date:	Thu Jul 9 08:11:43 2026 +
m
    add test line for fetch-merge demom
m
3commit eed930c89f4af35c0c9e4cd23c3946365f56e64cm3 (mHEADm3 -> mmainm3)mm
Author: Vi6669 <vika.tsarenkova@gmail.com>m
Date:	Thu Jul 9 08:03:39 2026 +
m
    add practice 1 filesm
m
3commit f8136cc0a1a3d2ac5341f0d8447b19b7943827bm
Author: Vi6669 <vika.tsarenkova@gmail.com>m
Date:	Thu Jul 9 07:16:16 2026 +
m
    first commitm
0;root@eltex-practice2-v37:t~/eltex-practice_cloneroot@eltex-practice2-v37:~/eltex-practice_clone#igitgitfdiffimainiorigin/main
diff --git a/README.md b/README.mdmm
index a178e59..398047e m
--- a/README.mdmm
+++ b/README.mdmm
@@ -1 +1,2 @@mm
 # Учебный репозиторий Eltex - Практика m
+m## Тестирование процессов Fetch и Mergemm
K?1l0;root@eltex-practice2-v37: ~/eltex-practice_cloneroot@eltex-practice2-v37:~/eltex-practice_clone# gitgitrmerge
Updating eed930c..2b25d23
Fast-forward
 README.md | 1 +m
 1 file changed, 1 insertion(+)
0;root@eltex-practice2-v37: ~/eltex-practice_cloneroot@eltex-practice2-v37:~/eltex-practice_clone# cd cde~/eltex-practice
0;root@eltex-practice2-v37: ~/eltex-practiceroot@eltex-practice2-v37:~/eltex-practice# exit
logout
Connection to 172.16.9.211 closed.
eltex-v37@eltex-2026-summer-15:28> exit
exit4l

Script done on 2026-07-09 15:39:17+07:00 [COMMAND_EXIT_CODE="0"]
